c:\users\31435\desktop\miansha\myc2\ui\project1\nytrix\x64\debug\vc143.pdb
c:\users\31435\desktop\miansha\myc2\ui\project1\nytrix\x64\debug\vc143.idb
c:\users\31435\desktop\miansha\myc2\ui\project1\nytrix\x64\debug\windowsdraw.obj
c:\users\31435\desktop\miansha\myc2\ui\project1\nytrix\x64\debug\viewconnection.obj
c:\users\31435\desktop\miansha\myc2\ui\project1\nytrix\x64\debug\payloadgeneration.obj
c:\users\31435\desktop\miansha\myc2\ui\project1\nytrix\x64\debug\menu.obj
c:\users\31435\desktop\miansha\myc2\ui\project1\nytrix\x64\debug\main.obj
c:\users\31435\desktop\miansha\myc2\ui\project1\nytrix\x64\debug\listener.obj
c:\users\31435\desktop\miansha\myc2\ui\project1\nytrix\x64\debug\imgui_widgets.obj
c:\users\31435\desktop\miansha\myc2\ui\project1\nytrix\x64\debug\imgui_tables.obj
c:\users\31435\desktop\miansha\myc2\ui\project1\nytrix\x64\debug\imgui_impl_win32.obj
c:\users\31435\desktop\miansha\myc2\ui\project1\nytrix\x64\debug\imgui_impl_dx11.obj
c:\users\31435\desktop\miansha\myc2\ui\project1\nytrix\x64\debug\imgui_draw.obj
c:\users\31435\desktop\miansha\myc2\ui\project1\nytrix\x64\debug\imgui_demo.obj
c:\users\31435\desktop\miansha\myc2\ui\project1\nytrix\x64\debug\imgui.obj
c:\users\31435\desktop\miansha\myc2\ui\project1\nytrix\x64\debug\commandmenu.obj
c:\users\31435\desktop\miansha\myc2\ui\project1\nytrix\x64\debug\cmd.obj
c:\users\31435\desktop\miansha\myc2\ui\project1\nytrix\x64\debug\auto.obj
c:\users\31435\desktop\miansha\myc2\ui\project1\nytrix\x64\debug\authenticationmanager.obj
c:\users\31435\desktop\miansha\myc2\ui\project1\nytrix\x64\debug\authentication.obj
c:\users\31435\desktop\miansha\myc2\ui\project1\x64\debug\nytrix.exe
c:\users\31435\desktop\miansha\myc2\ui\project1\x64\debug\nytrix.pdb
c:\users\31435\desktop\miansha\myc2\ui\project1\nytrix\x64\debug\nytrix.res
c:\users\31435\desktop\miansha\myc2\ui\project1\nytrix\x64\debug\nytrix.ilk
c:\users\31435\desktop\miansha\myc2\ui\project1\nytrix\x64\debug\nytrix.tlog\cl.command.1.tlog
c:\users\31435\desktop\miansha\myc2\ui\project1\nytrix\x64\debug\nytrix.tlog\cl.items.tlog
c:\users\31435\desktop\miansha\myc2\ui\project1\nytrix\x64\debug\nytrix.tlog\cl.read.1.tlog
c:\users\31435\desktop\miansha\myc2\ui\project1\nytrix\x64\debug\nytrix.tlog\cl.write.1.tlog
c:\users\31435\desktop\miansha\myc2\ui\project1\nytrix\x64\debug\nytrix.tlog\link.command.1.tlog
c:\users\31435\desktop\miansha\myc2\ui\project1\nytrix\x64\debug\nytrix.tlog\link.read.1.tlog
c:\users\31435\desktop\miansha\myc2\ui\project1\nytrix\x64\debug\nytrix.tlog\link.secondary.1.tlog
c:\users\31435\desktop\miansha\myc2\ui\project1\nytrix\x64\debug\nytrix.tlog\link.write.1.tlog
c:\users\31435\desktop\miansha\myc2\ui\project1\nytrix\x64\debug\nytrix.tlog\rc.command.1.tlog
c:\users\31435\desktop\miansha\myc2\ui\project1\nytrix\x64\debug\nytrix.tlog\rc.read.1.tlog
c:\users\31435\desktop\miansha\myc2\ui\project1\nytrix\x64\debug\nytrix.tlog\rc.write.1.tlog
