c:\users\31435\desktop\miansha\myc2\servermanager\project1\x64\release\vc143.pdb
c:\users\31435\desktop\miansha\myc2\servermanager\project1\x64\release\usermanager.obj
c:\users\31435\desktop\miansha\myc2\servermanager\project1\x64\release\servermanager.obj
c:\users\31435\desktop\miansha\myc2\servermanager\project1\x64\release\servercommon.obj
c:\users\31435\desktop\miansha\myc2\servermanager\project1\x64\release\puppetmanager.obj
c:\users\31435\desktop\miansha\myc2\servermanager\project1\x64\release\puppetconnectdispatcher.obj
c:\users\31435\desktop\miansha\myc2\servermanager\project1\x64\release\networkutilities.obj
c:\users\31435\desktop\miansha\myc2\servermanager\project1\x64\release\main.obj
c:\users\31435\desktop\miansha\myc2\servermanager\project1\x64\release\dns.obj
c:\users\31435\desktop\miansha\myc2\servermanager\project1\x64\release\controlmanager.obj
c:\users\31435\desktop\miansha\myc2\servermanager\project1\x64\release\commanddispatcher.obj
c:\users\31435\desktop\miansha\myc2\servermanager\project1\x64\release\closemanager.obj
c:\users\31435\desktop\miansha\myc2\servermanager\project1\x64\release\clientconnectionmanager.obj
c:\users\31435\desktop\miansha\myc2\servermanager\project1\x64\release\servermanager.h.ifc
c:\users\31435\desktop\miansha\myc2\servermanager\project1\x64\release\servermanager.h.ifc.d.json
c:\users\31435\desktop\miansha\myc2\servermanager\project1\x64\release\servermanager.h.obj
c:\users\31435\desktop\miansha\myc2\servermanager\x64\release\project1.exe
c:\users\31435\desktop\miansha\myc2\servermanager\x64\release\project1.pdb
c:\users\31435\desktop\miansha\myc2\servermanager\project1\x64\release\project1.res
c:\users\31435\desktop\miansha\myc2\servermanager\project1\x64\release\servermanager.h.module.json
c:\users\31435\desktop\miansha\myc2\servermanager\project1\x64\release\project1.ipdb
c:\users\31435\desktop\miansha\myc2\servermanager\project1\x64\release\project1.iobj
c:\users\31435\desktop\miansha\myc2\servermanager\project1\x64\release\project1.tlog\cl.command.1.tlog
c:\users\31435\desktop\miansha\myc2\servermanager\project1\x64\release\project1.tlog\cl.items.tlog
c:\users\31435\desktop\miansha\myc2\servermanager\project1\x64\release\project1.tlog\cl.read.1.tlog
c:\users\31435\desktop\miansha\myc2\servermanager\project1\x64\release\project1.tlog\cl.write.1.tlog
c:\users\31435\desktop\miansha\myc2\servermanager\project1\x64\release\project1.tlog\link.command.1.tlog
c:\users\31435\desktop\miansha\myc2\servermanager\project1\x64\release\project1.tlog\link.read.1.tlog
c:\users\31435\desktop\miansha\myc2\servermanager\project1\x64\release\project1.tlog\link.secondary.1.tlog
c:\users\31435\desktop\miansha\myc2\servermanager\project1\x64\release\project1.tlog\link.write.1.tlog
c:\users\31435\desktop\miansha\myc2\servermanager\project1\x64\release\project1.tlog\rc.command.1.tlog
c:\users\31435\desktop\miansha\myc2\servermanager\project1\x64\release\project1.tlog\rc.read.1.tlog
c:\users\31435\desktop\miansha\myc2\servermanager\project1\x64\release\project1.tlog\rc.write.1.tlog
c:\users\31435\desktop\miansha\myc2\servermanager\project1\x64\release\project1_md.tlog\cl.command.1.tlog
c:\users\31435\desktop\miansha\myc2\servermanager\project1\x64\release\project1_md.tlog\microsoft.build.cpptasks.cl.read.1.tlog
c:\users\31435\desktop\miansha\myc2\servermanager\project1\x64\release\project1_md.tlog\microsoft.build.cpptasks.cl.write.1.tlog
