c:\users\31435\desktop\miansha\myc2\ui\project1\nytrix\x64\release\vc143.pdb
c:\users\31435\desktop\miansha\myc2\ui\project1\nytrix\x64\release\windowsdraw.obj
c:\users\31435\desktop\miansha\myc2\ui\project1\nytrix\x64\release\viewconnection.obj
c:\users\31435\desktop\miansha\myc2\ui\project1\nytrix\x64\release\payloadgeneration.obj
c:\users\31435\desktop\miansha\myc2\ui\project1\nytrix\x64\release\menu.obj
c:\users\31435\desktop\miansha\myc2\ui\project1\nytrix\x64\release\main.obj
c:\users\31435\desktop\miansha\myc2\ui\project1\nytrix\x64\release\listener.obj
c:\users\31435\desktop\miansha\myc2\ui\project1\nytrix\x64\release\imgui_widgets.obj
c:\users\31435\desktop\miansha\myc2\ui\project1\nytrix\x64\release\imgui_tables.obj
c:\users\31435\desktop\miansha\myc2\ui\project1\nytrix\x64\release\imgui_impl_win32.obj
c:\users\31435\desktop\miansha\myc2\ui\project1\nytrix\x64\release\imgui_impl_dx11.obj
c:\users\31435\desktop\miansha\myc2\ui\project1\nytrix\x64\release\imgui_draw.obj
c:\users\31435\desktop\miansha\myc2\ui\project1\nytrix\x64\release\imgui_demo.obj
c:\users\31435\desktop\miansha\myc2\ui\project1\nytrix\x64\release\imgui.obj
c:\users\31435\desktop\miansha\myc2\ui\project1\nytrix\x64\release\commandmenu.obj
c:\users\31435\desktop\miansha\myc2\ui\project1\nytrix\x64\release\cmd.obj
c:\users\31435\desktop\miansha\myc2\ui\project1\nytrix\x64\release\auto.obj
c:\users\31435\desktop\miansha\myc2\ui\project1\nytrix\x64\release\authenticationmanager.obj
c:\users\31435\desktop\miansha\myc2\ui\project1\nytrix\x64\release\authentication.obj
c:\users\31435\desktop\miansha\myc2\ui\project1\x64\release\nytrix.exe
c:\users\31435\desktop\miansha\myc2\ui\project1\x64\release\nytrix.pdb
c:\users\31435\desktop\miansha\myc2\ui\project1\nytrix\x64\release\nytrix.res
c:\users\31435\desktop\miansha\myc2\ui\project1\nytrix\x64\release\nytrix.ipdb
c:\users\31435\desktop\miansha\myc2\ui\project1\nytrix\x64\release\nytrix.iobj
c:\users\31435\desktop\miansha\myc2\ui\project1\nytrix\x64\release\nytrix.tlog\cl.command.1.tlog
c:\users\31435\desktop\miansha\myc2\ui\project1\nytrix\x64\release\nytrix.tlog\cl.items.tlog
c:\users\31435\desktop\miansha\myc2\ui\project1\nytrix\x64\release\nytrix.tlog\cl.read.1.tlog
c:\users\31435\desktop\miansha\myc2\ui\project1\nytrix\x64\release\nytrix.tlog\cl.write.1.tlog
c:\users\31435\desktop\miansha\myc2\ui\project1\nytrix\x64\release\nytrix.tlog\link.command.1.tlog
c:\users\31435\desktop\miansha\myc2\ui\project1\nytrix\x64\release\nytrix.tlog\link.read.1.tlog
c:\users\31435\desktop\miansha\myc2\ui\project1\nytrix\x64\release\nytrix.tlog\link.secondary.1.tlog
c:\users\31435\desktop\miansha\myc2\ui\project1\nytrix\x64\release\nytrix.tlog\link.write.1.tlog
c:\users\31435\desktop\miansha\myc2\ui\project1\nytrix\x64\release\nytrix.tlog\rc.command.1.tlog
c:\users\31435\desktop\miansha\myc2\ui\project1\nytrix\x64\release\nytrix.tlog\rc.read.1.tlog
c:\users\31435\desktop\miansha\myc2\ui\project1\nytrix\x64\release\nytrix.tlog\rc.write.1.tlog
